<?xml version="1.0" encoding="UTF-8"?>
<!-- Generated by org.testng.reporters.JUnitReportReporter -->
<testsuite skipped="0" hostname="6e2b845ab444" name="com.searchmodule.tests.SearchTest" tests="4" failures="0" timestamp="20 May 2021 22:47:35 GMT" time="40.987" errors="0">
  <testcase name="search" time="8.969" classname="com.searchmodule.tests.SearchTest"/>
  <testcase name="search" time="14.308" classname="com.searchmodule.tests.SearchTest"/>
  <testcase name="search" time="9.419" classname="com.searchmodule.tests.SearchTest"/>
  <testcase name="search" time="8.291" classname="com.searchmodule.tests.SearchTest"/>
</testsuite> <!-- com.searchmodule.tests.SearchTest -->
